[debug] [2022-12-14T19:52:26.249Z] ----------------------------------------------------------------------
[debug] [2022-12-14T19:52:26.251Z] Command:       /usr/local/bin/node /usr/local/bin/firebase init
[debug] [2022-12-14T19:52:26.251Z] CLI Version:   11.18.0
[debug] [2022-12-14T19:52:26.251Z] Platform:      darwin
[debug] [2022-12-14T19:52:26.252Z] Node Version:  v18.2.0
[debug] [2022-12-14T19:52:26.253Z] Time:          Wed Dec 14 2022 19:52:26 GMT+0000 (Greenwich Mean Time)
[debug] [2022-12-14T19:52:26.253Z] ----------------------------------------------------------------------
[debug] 
[debug] [2022-12-14T19:52:26.314Z] > command requires scopes: ["email","openid","https://www.googleapis.com/auth/cloudplatformprojects.readonly","https://www.googleapis.com/auth/firebase","https://www.googleapis.com/auth/cloud-platform"]
[debug] [2022-12-14T19:52:26.314Z] > authorizing via signed-in user (adzo.lisa@gmail.com)
[info] 
     ######## #### ########  ######## ########     ###     ######  ########
     ##        ##  ##     ## ##       ##     ##  ##   ##  ##       ##
     ######    ##  ########  ######   ########  #########  ######  ######
     ##        ##  ##    ##  ##       ##     ## ##     ##       ## ##
     ##       #### ##     ## ######## ########  ##     ##  ######  ########

You're about to initialize a Firebase project in this directory:

  /Users/aileenlakpalu/Documents/developer_growth/web_development/koppelvibz

Before we get started, keep in mind:

  * You are initializing within an existing Firebase project directory

[info] 
=== Project Setup
[info] 
[info] First, let's associate this project directory with a Firebase project.
[info] You can create multiple project aliases by running firebase use --add, 
[info] but for now we'll just set up a default project.
[info] 
[debug] [2022-12-14T19:52:31.266Z] Using project from CLI flag: koppelvibz-68857
[debug] [2022-12-14T19:52:31.269Z] >>> [apiv2][query] GET https://firebase.googleapis.com/v1beta1/projects/koppelvibz-68857 [none]
[debug] [2022-12-14T19:52:35.376Z] <<< [apiv2][status] GET https://firebase.googleapis.com/v1beta1/projects/koppelvibz-68857 200
[debug] [2022-12-14T19:52:35.377Z] <<< [apiv2][body] GET https://firebase.googleapis.com/v1beta1/projects/koppelvibz-68857 {"projectId":"koppelvibz-68857","projectNumber":"743732010153","displayName":"KoppelVibz","name":"projects/koppelvibz-68857","resources":{"hostingSite":"koppelvibz-68857"},"state":"ACTIVE","etag":"1_bb103ded-41ad-4a7a-ab47-4457deb370e2"}
[info] i  Using project koppelvibz-68857 (KoppelVibz) 
[info] 
=== Hosting Setup
[info] 
[info] Your public directory is the folder (relative to your project directory) that
[info] will contain Hosting assets to be uploaded with firebase deploy. If you
[info] have a build process for your assets, use your build's output directory.
[info] 
